[35m[1mConsolidate compiler generated dependencies of target version2_publisher[0m
[ 50%] [32mBuilding CXX object CMakeFiles/version2_publisher.dir/src/publisher.cpp.o[0m
[01m[K/home/usuario/Documentos/GitHub/-IR2121-2025-2026-Robotica-mobil/Patrolling Task/goals/src/publisher.cpp:[m[K In function â€˜[01m[Kint main(int, char**)[m[Kâ€™:
[01m[K/home/usuario/Documentos/GitHub/-IR2121-2025-2026-Robotica-mobil/Patrolling Task/goals/src/publisher.cpp:157:23:[m[K [01;31m[Kerror: [m[Kconflicting declaration â€˜[01m[Krclcpp::WallRate loop_rate[m[Kâ€™
  157 |      rclcpp::WallRate [01;31m[Kloop_rate[m[K(2s);
      |                       [01;31m[K^~~~~~~~~[m[K
[01m[K/home/usuario/Documentos/GitHub/-IR2121-2025-2026-Robotica-mobil/Patrolling Task/goals/src/publisher.cpp:131:19:[m[K [01;36m[Knote: [m[Kprevious declaration as â€˜[01m[Krclcpp::Rate loop_rate[m[Kâ€™
  131 |      rclcpp::Rate [01;36m[Kloop_rate[m[K(loop_frequency);
      |                   [01;36m[K^~~~~~~~~[m[K
[01m[K/home/usuario/Documentos/GitHub/-IR2121-2025-2026-Robotica-mobil/Patrolling Task/goals/src/publisher.cpp:198:2:[m[K [01;31m[Kerror: [m[Kexpected â€˜[01m[K}[m[Kâ€™ at end of input
  198 |  [01;31m[K}[m[K
      |  [01;31m[K^[m[K
[01m[K/home/usuario/Documentos/GitHub/-IR2121-2025-2026-Robotica-mobil/Patrolling Task/goals/src/publisher.cpp:96:36:[m[K [01;36m[Knote: [m[Kto match this â€˜[01m[K{[m[Kâ€™
   96 |  int main(int argc, char * argv[]) [01;36m[K{[m[K
      |                                    [01;36m[K^[m[K
gmake[2]: *** [CMakeFiles/version2_publisher.dir/build.make:76: CMakeFiles/version2_publisher.dir/src/publisher.cpp.o] Error 1
gmake[1]: *** [CMakeFiles/Makefile2:137: CMakeFiles/version2_publisher.dir/all] Error 2
gmake: *** [Makefile:146: all] Error 2
