[35m[1mConsolidate compiler generated dependencies of target version2_publisher[0m
[ 50%] [32mBuilding CXX object CMakeFiles/version2_publisher.dir/src/publisher.cpp.o[0m
[01m[K/home/usuario/Documentos/GitHub/-IR2121-2025-2026-Robotica-mobil/Patrolling Task/goals/src/publisher.cpp:[m[K In function â€˜[01m[Kint main(int, char**)[m[Kâ€™:
[01m[K/home/usuario/Documentos/GitHub/-IR2121-2025-2026-Robotica-mobil/Patrolling Task/goals/src/publisher.cpp:61:57:[m[K [01;31m[Kerror: [m[Kâ€˜[01m[Kstd::shared_future<rclcpp_action::ClientGoalHandle<ActionT>::WrappedResult> rclcpp_action::ClientGoalHandle<ActionT>::async_get_result() [with ActionT = nav2_msgs::action::NavigateToPose][m[Kâ€™ is private within this context
   61 |     auto result_future2 = goal_handle->async_get_result([01;31m[K)[m[K;
      |                                                         [01;31m[K^[m[K
In file included from [01m[K/opt/ros/humble/include/rclcpp_action/rclcpp_action/client_goal_handle.hpp:170[m[K,
                 from [01m[K/opt/ros/humble/include/rclcpp_action/rclcpp_action/client.hpp:43[m[K,
                 from [01m[K/opt/ros/humble/include/rclcpp_action/rclcpp_action/rclcpp_action.hpp:36[m[K,
                 from [01m[K/home/usuario/Documentos/GitHub/-IR2121-2025-2026-Robotica-mobil/Patrolling Task/goals/src/publisher.cpp:2[m[K:
[01m[K/opt/ros/humble/include/rclcpp_action/rclcpp_action/client_goal_handle_impl.hpp:60:1:[m[K [01;36m[Knote: [m[Kdeclared private here
   60 | [01;36m[KClientGoalHandle<ActionT>[m[K::async_get_result()
      | [01;36m[K^~~~~~~~~~~~~~~~~~~~~~~~~[m[K
gmake[2]: *** [CMakeFiles/version2_publisher.dir/build.make:76: CMakeFiles/version2_publisher.dir/src/publisher.cpp.o] Error 1
gmake[1]: *** [CMakeFiles/Makefile2:137: CMakeFiles/version2_publisher.dir/all] Error 2
gmake: *** [Makefile:146: all] Error 2
