[0.020s] Invoking command in '/home/usuario/Documentos/GitHub/-IR2121-2025-2026-Robotica-mobil/Patrolling Task/goals/build/goals': CMAKE_PREFIX_PATH=${CMAKE_PREFIX_PATH}:/opt/ros/humble /usr/bin/cmake --build /home/usuario/Documentos/GitHub/-IR2121-2025-2026-Robotica-mobil/Patrolling Task/goals/build/goals -- -j4 -l4
[0.060s] -- Found ament_cmake: 1.3.12 (/opt/ros/humble/share/ament_cmake/cmake)
[0.690s] -- Found rclcpp: 16.0.15 (/opt/ros/humble/share/rclcpp/cmake)
[1.141s] -- Found rosidl_generator_c: 3.1.7 (/opt/ros/humble/share/rosidl_generator_c/cmake)
[1.154s] -- Found rosidl_adapter: 3.1.7 (/opt/ros/humble/share/rosidl_adapter/cmake)
[1.202s] -- Found rosidl_generator_cpp: 3.1.7 (/opt/ros/humble/share/rosidl_generator_cpp/cmake)
[1.410s] -- Using all available rosidl_typesupport_c: rosidl_typesupport_fastrtps_c;rosidl_typesupport_introspection_c
[1.590s] -- Using all available rosidl_typesupport_cpp: rosidl_typesupport_fastrtps_cpp;rosidl_typesupport_introspection_cpp
[2.121s] -- Found rmw_implementation_cmake: 6.1.2 (/opt/ros/humble/share/rmw_implementation_cmake/cmake)
[2.190s] -- Found rmw_fastrtps_cpp: 6.2.9 (/opt/ros/humble/share/rmw_fastrtps_cpp/cmake)
[2.738s] -- Using RMW implementation 'rmw_fastrtps_cpp' as default
[3.470s] -- Found geometry_msgs: 4.9.0 (/opt/ros/humble/share/geometry_msgs/cmake)
[3.610s] -- Found tf2: 0.25.16 (/opt/ros/humble/share/tf2/cmake)
[3.673s] -- Found tf2_geometry_msgs: 0.25.16 (/opt/ros/humble/share/tf2_geometry_msgs/cmake)
[3.780s] -- Found eigen3_cmake_module: 0.1.1 (/opt/ros/humble/share/eigen3_cmake_module/cmake)
[3.785s] -- Ensuring Eigen3 include directory is part of orocos-kdl CMake target
[4.620s] -- Found nav_msgs: 4.9.0 (/opt/ros/humble/share/nav_msgs/cmake)
[4.716s] -- Found ament_lint_auto: 0.12.14 (/opt/ros/humble/share/ament_lint_auto/cmake)
[5.072s] -- Added test 'cppcheck' to perform static code analysis on C / C++ code
[5.072s] -- Configured cppcheck include dirs: 
[5.072s] -- Configured cppcheck exclude dirs and/or files: 
[5.084s] -- Added test 'flake8' to check Python code syntax and style conventions
[5.096s] -- Added test 'lint_cmake' to check CMake code style
[5.106s] -- Added test 'pep257' to check Python code against some of the docstring style conventions in PEP 257
[5.140s] -- Added test 'uncrustify' to check C / C++ code style
[5.140s] -- Configured uncrustify additional arguments: 
[5.154s] -- Added test 'xmllint' to check XML markup files
[5.164s] -- Configuring done
[5.244s] -- Generating done
[5.256s] -- Build files have been written to: /home/usuario/Documentos/GitHub/-IR2121-2025-2026-Robotica-mobil/Patrolling Task/goals/build/goals
[5.295s] [35m[1mConsolidate compiler generated dependencies of target version2_publisher[0m
[5.311s] [ 50%] [32mBuilding CXX object CMakeFiles/version2_publisher.dir/src/publisher.cpp.o[0m
[5.852s] [01m[K/home/usuario/Documentos/GitHub/-IR2121-2025-2026-Robotica-mobil/Patrolling Task/goals/src/publisher.cpp:[m[K In function â€˜[01m[Kint main(int, char**)[m[Kâ€™:
[5.852s] [01m[K/home/usuario/Documentos/GitHub/-IR2121-2025-2026-Robotica-mobil/Patrolling Task/goals/src/publisher.cpp:2:5:[m[K [01;31m[Kerror: [m[Kâ€˜[01m[Krclcpp[m[Kâ€™ has not been declared
[5.852s]     2 |     [01;31m[Krclcpp[m[K::init(argc, argv);
[5.852s]       |     [01;31m[K^~~~~~[m[K
[5.911s] [01m[K/home/usuario/Documentos/GitHub/-IR2121-2025-2026-Robotica-mobil/Patrolling Task/goals/src/publisher.cpp:5:5:[m[K [01;31m[Kerror: [m[Kâ€˜[01m[Krclcpp[m[Kâ€™ has not been declared
[5.912s]     5 |     [01;31m[Krclcpp[m[K::Publisher<PoseStamped>::SharedPtr publisher;
[5.912s]       |     [01;31m[K^~~~~~[m[K
[5.915s] [01m[K/home/usuario/Documentos/GitHub/-IR2121-2025-2026-Robotica-mobil/Patrolling Task/goals/src/publisher.cpp:5:23:[m[K [01;31m[Kerror: [m[Kâ€˜[01m[KPoseStamped[m[Kâ€™ was not declared in this scope
[5.915s]     5 |     rclcpp::Publisher<[01;31m[KPoseStamped[m[K>::SharedPtr publisher;
[5.916s]       |                       [01;31m[K^~~~~~~~~~~[m[K
[5.921s] [01m[K/home/usuario/Documentos/GitHub/-IR2121-2025-2026-Robotica-mobil/Patrolling Task/goals/src/publisher.cpp:5:37:[m[K [01;31m[Kerror: [m[Kâ€˜[01m[K::SharedPtr[m[Kâ€™ has not been declared
[5.921s]     5 |     rclcpp::Publisher<PoseStamped>::[01;31m[KSharedPtr[m[K publisher;
[5.921s]       |                                     [01;31m[K^~~~~~~~~[m[K
[5.921s] [01m[K/home/usuario/Documentos/GitHub/-IR2121-2025-2026-Robotica-mobil/Patrolling Task/goals/src/publisher.cpp:6:5:[m[K [01;31m[Kerror: [m[Kâ€˜[01m[Krclcpp[m[Kâ€™ has not been declared
[5.921s]     6 |     [01;31m[Krclcpp[m[K::Subscription<Odometry>::SharedPtr subscriber;
[5.922s]       |     [01;31m[K^~~~~~[m[K
[5.922s] [01m[K/home/usuario/Documentos/GitHub/-IR2121-2025-2026-Robotica-mobil/Patrolling Task/goals/src/publisher.cpp:6:26:[m[K [01;31m[Kerror: [m[Kâ€˜[01m[KOdometry[m[Kâ€™ was not declared in this scope
[5.922s]     6 |     rclcpp::Subscription<[01;31m[KOdometry[m[K>::SharedPtr subscriber;
[5.922s]       |                          [01;31m[K^~~~~~~~[m[K
[5.922s] [01m[K/home/usuario/Documentos/GitHub/-IR2121-2025-2026-Robotica-mobil/Patrolling Task/goals/src/publisher.cpp:6:37:[m[K [01;31m[Kerror: [m[Kâ€˜[01m[K::SharedPtr[m[Kâ€™ has not been declared
[5.922s]     6 |     rclcpp::Subscription<Odometry>::[01;31m[KSharedPtr[m[K subscriber;
[5.922s]       |                                     [01;31m[K^~~~~~~~~[m[K
[5.922s] [01m[K/home/usuario/Documentos/GitHub/-IR2121-2025-2026-Robotica-mobil/Patrolling Task/goals/src/publisher.cpp:8:5:[m[K [01;31m[Kerror: [m[Kâ€˜[01m[Knode[m[Kâ€™ was not declared in this scope
[5.922s]     8 |     [01;31m[Knode[m[K = std::make_shared<rclcpp::Node>("version2_goal_publisher");
[5.922s]       |     [01;31m[K^~~~[m[K
[5.922s] [01m[K/home/usuario/Documentos/GitHub/-IR2121-2025-2026-Robotica-mobil/Patrolling Task/goals/src/publisher.cpp:8:17:[m[K [01;31m[Kerror: [m[Kâ€˜[01m[Kmake_shared[m[Kâ€™ is not a member of â€˜[01m[Kstd[m[Kâ€™
[5.922s]     8 |     node = std::[01;31m[Kmake_shared[m[K<rclcpp::Node>("version2_goal_publisher");
[5.922s]       |                 [01;31m[K^~~~~~~~~~~[m[K
[5.922s] [01m[K/home/usuario/Documentos/GitHub/-IR2121-2025-2026-Robotica-mobil/Patrolling Task/goals/src/publisher.cpp:1:1:[m[K [01;36m[Knote: [m[Kâ€˜[01m[Kstd::make_shared[m[Kâ€™ is defined in header â€˜[01m[K<memory>[m[Kâ€™; did you forget to â€˜[01m[K#include <memory>[m[Kâ€™?
[5.923s]   +++ |+[32m[K#include <memory>[m[K
[5.923s]     1 | int main(int argc, char * argv[]) {
[5.923s] [01m[K/home/usuario/Documentos/GitHub/-IR2121-2025-2026-Robotica-mobil/Patrolling Task/goals/src/publisher.cpp:8:29:[m[K [01;31m[Kerror: [m[Kâ€˜[01m[Krclcpp[m[Kâ€™ has not been declared
[5.923s]     8 |     node = std::make_shared<[01;31m[Krclcpp[m[K::Node>("version2_goal_publisher");
[5.923s]       |                             [01;31m[K^~~~~~[m[K
[5.935s] [01m[K/home/usuario/Documentos/GitHub/-IR2121-2025-2026-Robotica-mobil/Patrolling Task/goals/src/publisher.cpp:10:5:[m[K [01;31m[Kerror: [m[Kâ€˜[01m[Kpublisher[m[Kâ€™ was not declared in this scope
[5.935s]    10 |     [01;31m[Kpublisher[m[K = node->create_publisher<PoseStamped>("/goal_pose", 1);
[5.935s]       |     [01;31m[K^~~~~~~~~[m[K
[5.948s] [01m[K/home/usuario/Documentos/GitHub/-IR2121-2025-2026-Robotica-mobil/Patrolling Task/goals/src/publisher.cpp:10:53:[m[K [01;35m[Kwarning: [m[Kleft operand of comma operator has no effect [[01;35m[K]8;;https://gcc.gnu.org/onlinedocs/gcc/Warning-Options.html#index-Wunused-value-Wunused-value]8;;[m[K]
[5.948s]    10 |     publisher = node->create_publisher<PoseStamped>([01;35m[K"/goal_pose"[m[K, 1);
[5.949s]       |                                                     [01;35m[K^~~~~~~~~~~~[m[K
[5.949s] [01m[K/home/usuario/Documentos/GitHub/-IR2121-2025-2026-Robotica-mobil/Patrolling Task/goals/src/publisher.cpp:12:5:[m[K [01;31m[Kerror: [m[Kâ€˜[01m[Ksubscriber[m[Kâ€™ was not declared in this scope
[5.949s]    12 |     [01;31m[Ksubscriber[m[K = node->create_subscription<Odometry>(
[5.949s]       |     [01;31m[K^~~~~~~~~~[m[K
[5.949s] [01m[K/home/usuario/Documentos/GitHub/-IR2121-2025-2026-Robotica-mobil/Patrolling Task/goals/src/publisher.cpp:13:9:[m[K [01;35m[Kwarning: [m[Kleft operand of comma operator has no effect [[01;35m[K]8;;https://gcc.gnu.org/onlinedocs/gcc/Warning-Options.html#index-Wunused-value-Wunused-value]8;;[m[K]
[5.949s]    13 |         [01;35m[K"/odom"[m[K, 10, odom_callback);
[5.949s]       |         [01;35m[K^~~~~~~[m[K
[5.949s] [01m[K/home/usuario/Documentos/GitHub/-IR2121-2025-2026-Robotica-mobil/Patrolling Task/goals/src/publisher.cpp:13:22:[m[K [01;31m[Kerror: [m[Kâ€˜[01m[Kodom_callback[m[Kâ€™ was not declared in this scope
[5.949s]    13 |         "/odom", 10, [01;31m[Kodom_callback[m[K);
[5.949s]       |                      [01;31m[K^~~~~~~~~~~~~[m[K
[5.981s] [01m[K/home/usuario/Documentos/GitHub/-IR2121-2025-2026-Robotica-mobil/Patrolling Task/goals/src/publisher.cpp:19:35:[m[K [01;31m[Kerror: [m[Kunable to find numeric literal operator â€˜[01m[Koperator""s[m[Kâ€™
[5.981s]    19 |     const auto STOPPING_TIMEOUT = [01;31m[K7s[m[K;
[5.981s]       |                                   [01;31m[K^~[m[K
[5.991s] [01m[K/home/usuario/Documentos/GitHub/-IR2121-2025-2026-Robotica-mobil/Patrolling Task/goals/src/publisher.cpp:24:5:[m[K [01;31m[Kerror: [m[Kâ€˜[01m[Krclcpp[m[Kâ€™ has not been declared
[5.991s]    24 |     [01;31m[Krclcpp[m[K::Rate loop_rate(loop_frequency);
[5.991s]       |     [01;31m[K^~~~~~[m[K
[5.993s] [01m[K/home/usuario/Documentos/GitHub/-IR2121-2025-2026-Robotica-mobil/Patrolling Task/goals/src/publisher.cpp:32:33:[m[K [01;31m[Kerror: [m[Kâ€˜[01m[Keuler_to_quaternion[m[Kâ€™ was not declared in this scope
[5.993s]    32 |     goal_msg.pose.orientation = [01;31m[Keuler_to_quaternion[m[K(TARGET_YAW);
[5.993s]       |                                 [01;31m[K^~~~~~~~~~~~~~~~~~~[m[K
[5.993s] [01m[K/home/usuario/Documentos/GitHub/-IR2121-2025-2026-Robotica-mobil/Patrolling Task/goals/src/publisher.cpp:34:5:[m[K [01;31m[Kerror: [m[Kâ€˜[01m[KRCLCPP_INFO[m[Kâ€™ was not declared in this scope
[5.993s]    34 |     [01;31m[KRCLCPP_INFO[m[K(node->get_logger(), "Publicando objetivo a: (X: %.2f, Y: %.2f)", TARGET_X, TARGET_Y);
[5.993s]       |     [01;31m[K^~~~~~~~~~~[m[K
[5.994s] [01m[K/home/usuario/Documentos/GitHub/-IR2121-2025-2026-Robotica-mobil/Patrolling Task/goals/src/publisher.cpp:40:11:[m[K [01;31m[Kerror: [m[Kâ€˜[01m[Krclcpp[m[Kâ€™ has not been declared
[5.994s]    40 |     while([01;31m[Krclcpp[m[K::ok()) {
[5.994s]       |           [01;31m[K^~~~~~[m[K
[6.011s] [01m[K/home/usuario/Documentos/GitHub/-IR2121-2025-2026-Robotica-mobil/Patrolling Task/goals/src/publisher.cpp:42:9:[m[K [01;31m[Kerror: [m[Kâ€˜[01m[Krclcpp[m[Kâ€™ has not been declared
[6.011s]    42 |         [01;31m[Krclcpp[m[K::spin_some(node);
[6.011s]       |         [01;31m[K^~~~~~[m[K
[6.013s] [01m[K/home/usuario/Documentos/GitHub/-IR2121-2025-2026-Robotica-mobil/Patrolling Task/goals/src/publisher.cpp:53:31:[m[K [01;31m[Kerror: [m[Kâ€˜[01m[Kfirst_odom_received[m[Kâ€™ was not declared in this scope
[6.013s]    53 |         if (moving == true && [01;31m[Kfirst_odom_received[m[K && (node->now() - last_change_time) > STOPPING_TIMEOUT) {
[6.013s]       |                               [01;31m[K^~~~~~~~~~~~~~~~~~~[m[K
[6.013s] [01m[K/home/usuario/Documentos/GitHub/-IR2121-2025-2026-Robotica-mobil/Patrolling Task/goals/src/publisher.cpp:53:69:[m[K [01;31m[Kerror: [m[Kâ€˜[01m[Klast_change_time[m[Kâ€™ was not declared in this scope
[6.013s]    53 | if (moving == true && first_odom_received && (node->now() - [01;31m[Klast_change_time[m[K) > STOPPING_TIMEOUT) {
[6.013s]       |                                                             [01;31m[K^~~~~~~~~~~~~~~~[m[K
[6.013s] 
[6.013s] [01m[K/home/usuario/Documentos/GitHub/-IR2121-2025-2026-Robotica-mobil/Patrolling Task/goals/src/publisher.cpp:64:9:[m[K [01;31m[Kerror: [m[Kâ€˜[01m[Kloop_rate[m[Kâ€™ was not declared in this scope
[6.014s]    64 |         [01;31m[Kloop_rate[m[K.sleep();
[6.014s]       |         [01;31m[K^~~~~~~~~[m[K
[6.021s] [01m[K/home/usuario/Documentos/GitHub/-IR2121-2025-2026-Robotica-mobil/Patrolling Task/goals/src/publisher.cpp:74:5:[m[K [01;31m[Kerror: [m[Kâ€˜[01m[Krclcpp[m[Kâ€™ has not been declared
[6.021s]    74 |     [01;31m[Krclcpp[m[K::shutdown();
[6.021s]       |     [01;31m[K^~~~~~[m[K
[6.021s] [01m[K/home/usuario/Documentos/GitHub/-IR2121-2025-2026-Robotica-mobil/Patrolling Task/goals/src/publisher.cpp:23:12:[m[K [01;35m[Kwarning: [m[Kunused variable â€˜[01m[Kloop_frequency[m[Kâ€™ [[01;35m[K]8;;https://gcc.gnu.org/onlinedocs/gcc/Warning-Options.html#index-Wunused-variable-Wunused-variable]8;;[m[K]
[6.021s]    23 |     double [01;35m[Kloop_frequency[m[K = 10.0;
[6.021s]       |            [01;35m[K^~~~~~~~~~~~~~[m[K
[6.026s] gmake[2]: *** [CMakeFiles/version2_publisher.dir/build.make:76: CMakeFiles/version2_publisher.dir/src/publisher.cpp.o] Error 1
[6.026s] gmake[1]: *** [CMakeFiles/Makefile2:137: CMakeFiles/version2_publisher.dir/all] Error 2
[6.026s] gmake: *** [Makefile:146: all] Error 2
[6.029s] Invoked command in '/home/usuario/Documentos/GitHub/-IR2121-2025-2026-Robotica-mobil/Patrolling Task/goals/build/goals' returned '2': CMAKE_PREFIX_PATH=${CMAKE_PREFIX_PATH}:/opt/ros/humble /usr/bin/cmake --build /home/usuario/Documentos/GitHub/-IR2121-2025-2026-Robotica-mobil/Patrolling Task/goals/build/goals -- -j4 -l4
