[01m[K/home/usuario/Documentos/GitHub/-IR2121-2025-2026-Robotica-mobil/Patrolling Task/goals/src/publisher.cpp:[m[K In function â€˜[01m[Kint main(int, char**)[m[Kâ€™:
[01m[K/home/usuario/Documentos/GitHub/-IR2121-2025-2026-Robotica-mobil/Patrolling Task/goals/src/publisher.cpp:23:49:[m[K [01;31m[Kerror: [m[Kâ€˜[01m[KOdometry[m[Kâ€™ was not declared in this scope
   23 |     auto subscriber = node->create_subscription<[01;31m[KOdometry[m[K>("/odom", 10, odom_callback);
      |                                                 [01;31m[K^~~~~~~~[m[K
[01m[K/home/usuario/Documentos/GitHub/-IR2121-2025-2026-Robotica-mobil/Patrolling Task/goals/src/publisher.cpp:23:72:[m[K [01;31m[Kerror: [m[Kâ€˜[01m[Kodom_callback[m[Kâ€™ was not declared in this scope
   23 | bscriber = node->create_subscription<Odometry>("/odom", 10, [01;31m[Kodom_callback[m[K);
      |                                                             [01;31m[K^~~~~~~~~~~~~[m[K

[01m[K/home/usuario/Documentos/GitHub/-IR2121-2025-2026-Robotica-mobil/Patrolling Task/goals/src/publisher.cpp:48:23:[m[K [01;31m[Kerror: [m[Kunable to find numeric literal operator â€˜[01m[Koperator""ms[m[Kâ€™
   48 |     rclcpp::sleep_for([01;31m[K500ms[m[K)
      |                       [01;31m[K^~~~~[m[K
[01m[K/home/usuario/Documentos/GitHub/-IR2121-2025-2026-Robotica-mobil/Patrolling Task/goals/src/publisher.cpp:53:26:[m[K [01;31m[Kerror: [m[Kunable to find numeric literal operator â€˜[01m[Koperator""s[m[Kâ€™
   53 |     const auto TIMEOUT = [01;31m[K5s[m[K; // Temps maxim sense canvi per considerarlo detingut
      |                          [01;31m[K^~[m[K
[01m[K/home/usuario/Documentos/GitHub/-IR2121-2025-2026-Robotica-mobil/Patrolling Task/goals/src/publisher.cpp:55:9:[m[K [01;31m[Kerror: [m[Kâ€˜[01m[Klast_odom_msg[m[Kâ€™ was not declared in this scope
   55 |     if ([01;31m[Klast_odom_msg[m[K != nullptr) {
      |         [01;31m[K^~~~~~~~~~~~~[m[K
[01m[K/home/usuario/Documentos/GitHub/-IR2121-2025-2026-Robotica-mobil/Patrolling Task/goals/src/publisher.cpp:56:9:[m[K [01;31m[Kerror: [m[Kâ€˜[01m[Kprev_x[m[Kâ€™ was not declared in this scope
   56 |         [01;31m[Kprev_x[m[K = last_odom_msg->pose.pose.position.x;
      |         [01;31m[K^~~~~~[m[K
[01m[K/home/usuario/Documentos/GitHub/-IR2121-2025-2026-Robotica-mobil/Patrolling Task/goals/src/publisher.cpp:57:9:[m[K [01;31m[Kerror: [m[Kâ€˜[01m[Kprev_y[m[Kâ€™ was not declared in this scope
   57 |         [01;31m[Kprev_y[m[K = last_odom_msg->pose.pose.position.y;
      |         [01;31m[K^~~~~~[m[K
[01m[K/home/usuario/Documentos/GitHub/-IR2121-2025-2026-Robotica-mobil/Patrolling Task/goals/src/publisher.cpp:58:9:[m[K [01;31m[Kerror: [m[Kâ€˜[01m[Klast_update_time[m[Kâ€™ was not declared in this scope
   58 |         [01;31m[Klast_update_time[m[K = node->now();
      |         [01;31m[K^~~~~~~~~~~~~~~~[m[K
[01m[K/home/usuario/Documentos/GitHub/-IR2121-2025-2026-Robotica-mobil/Patrolling Task/goals/src/publisher.cpp:65:13:[m[K [01;31m[Kerror: [m[Kâ€˜[01m[Klast_odom_msg[m[Kâ€™ was not declared in this scope
   65 |         if ([01;31m[Klast_odom_msg[m[K != nullptr) {
      |             [01;31m[K^~~~~~~~~~~~~[m[K
[01m[K/home/usuario/Documentos/GitHub/-IR2121-2025-2026-Robotica-mobil/Patrolling Task/goals/src/publisher.cpp:70:54:[m[K [01;31m[Kerror: [m[Kâ€˜[01m[Kprev_x[m[Kâ€™ was not declared in this scope
   70 |             double distance = std::hypot(current_x - [01;31m[Kprev_x[m[K, current_y - prev_y);
      |                                                      [01;31m[K^~~~~~[m[K
[01m[K/home/usuario/Documentos/GitHub/-IR2121-2025-2026-Robotica-mobil/Patrolling Task/goals/src/publisher.cpp:70:74:[m[K [01;31m[Kerror: [m[Kâ€˜[01m[Kprev_y[m[Kâ€™ was not declared in this scope
   70 |   double distance = std::hypot(current_x - prev_x, current_y - [01;31m[Kprev_y[m[K);
      |                                                                [01;31m[K^~~~~~[m[K

[01m[K/home/usuario/Documentos/GitHub/-IR2121-2025-2026-Robotica-mobil/Patrolling Task/goals/src/publisher.cpp:73:28:[m[K [01;31m[Kerror: [m[Kâ€˜[01m[KTOLERANCE_DISTANCE[m[Kâ€™ was not declared in this scope
   73 |             if (distance > [01;31m[KTOLERANCE_DISTANCE[m[K) {
      |                            [01;31m[K^~~~~~~~~~~~~~~~~~[m[K
[01m[K/home/usuario/Documentos/GitHub/-IR2121-2025-2026-Robotica-mobil/Patrolling Task/goals/src/publisher.cpp:77:17:[m[K [01;31m[Kerror: [m[Kâ€˜[01m[Klast_update_time[m[Kâ€™ was not declared in this scope
   77 |                 [01;31m[Klast_update_time[m[K = node->now(); // ActualitzaciÃ³ del temps de moviment
      |                 [01;31m[K^~~~~~~~~~~~~~~~[m[K
[01m[K/home/usuario/Documentos/GitHub/-IR2121-2025-2026-Robotica-mobil/Patrolling Task/goals/src/publisher.cpp:82:36:[m[K [01;31m[Kerror: [m[Kâ€˜[01m[Klast_update_time[m[Kâ€™ was not declared in this scope
   82 |                 if ((node->now() - [01;31m[Klast_update_time[m[K) > TIMEOUT) {
      |                                    [01;31m[K^~~~~~~~~~~~~~~~[m[K
[01m[K/home/usuario/Documentos/GitHub/-IR2121-2025-2026-Robotica-mobil/Patrolling Task/goals/src/publisher.cpp:91:27:[m[K [01;31m[Kerror: [m[Kunable to find numeric literal operator â€˜[01m[Koperator""ms[m[Kâ€™
   91 |         rclcpp::sleep_for([01;31m[K100ms[m[K); // Control de la freqÃ¼Ã¨ncia de bucle
      |                           [01;31m[K^~~~~[m[K
[01m[K/home/usuario/Documentos/GitHub/-IR2121-2025-2026-Robotica-mobil/Patrolling Task/goals/src/publisher.cpp:[m[K At global scope:
[01m[K/home/usuario/Documentos/GitHub/-IR2121-2025-2026-Robotica-mobil/Patrolling Task/goals/src/publisher.cpp:100:23:[m[K [01;31m[Kerror: [m[Kexpected constructor, destructor, or type conversion before â€˜[01m[K;[m[Kâ€™ token
  100 |     rclcpp::shutdown()[01;31m[K;[m[K
      |                       [01;31m[K^[m[K
[01m[K/home/usuario/Documentos/GitHub/-IR2121-2025-2026-Robotica-mobil/Patrolling Task/goals/src/publisher.cpp:101:5:[m[K [01;31m[Kerror: [m[Kexpected unqualified-id before â€˜[01m[Kreturn[m[Kâ€™
  101 |     [01;31m[Kreturn[m[K 0;
      |     [01;31m[K^~~~~~[m[K
[01m[K/home/usuario/Documentos/GitHub/-IR2121-2025-2026-Robotica-mobil/Patrolling Task/goals/src/publisher.cpp:102:1:[m[K [01;31m[Kerror: [m[Kexpected declaration before â€˜[01m[K}[m[Kâ€™ token
  102 | [01;31m[K}[m[K
      | [01;31m[K^[m[K
gmake[2]: *** [CMakeFiles/publisher.dir/build.make:76: CMakeFiles/publisher.dir/src/publisher.cpp.o] Error 1
gmake[1]: *** [CMakeFiles/Makefile2:137: CMakeFiles/publisher.dir/all] Error 2
gmake: *** [Makefile:146: all] Error 2
