[0.013s] Invoking command in '/home/usuario/Documentos/GitHub/-IR2121-2025-2026-Robotica-mobil/Patrolling Task/goals/build/goals': CMAKE_PREFIX_PATH=/opt/ros/humble /usr/bin/cmake /home/usuario/Documentos/GitHub/-IR2121-2025-2026-Robotica-mobil/Patrolling Task/goals -DCMAKE_INSTALL_PREFIX=/home/usuario/Documentos/GitHub/-IR2121-2025-2026-Robotica-mobil/Patrolling Task/goals/install/goals
[0.343s] -- The C compiler identification is GNU 10.5.0
[0.597s] -- The CXX compiler identification is GNU 10.5.0
[0.618s] -- Detecting C compiler ABI info
[0.924s] -- Detecting C compiler ABI info - done
[0.928s] -- Check for working C compiler: /usr/bin/cc - skipped
[0.929s] -- Detecting C compile features
[0.930s] -- Detecting C compile features - done
[0.933s] -- Detecting CXX compiler ABI info
[1.191s] -- Detecting CXX compiler ABI info - done
[1.196s] -- Check for working CXX compiler: /usr/bin/c++ - skipped
[1.197s] -- Detecting CXX compile features
[1.197s] -- Detecting CXX compile features - done
[1.204s] -- Found ament_cmake: 1.3.12 (/opt/ros/humble/share/ament_cmake/cmake)
[1.333s] -- Found Python3: /usr/bin/python3 (found version "3.10.12") found components: Interpreter 
[1.442s] -- Found rclcpp: 16.0.15 (/opt/ros/humble/share/rclcpp/cmake)
[1.511s] -- Found rosidl_generator_c: 3.1.7 (/opt/ros/humble/share/rosidl_generator_c/cmake)
[1.521s] -- Found rosidl_adapter: 3.1.7 (/opt/ros/humble/share/rosidl_adapter/cmake)
[1.534s] -- Found rosidl_generator_cpp: 3.1.7 (/opt/ros/humble/share/rosidl_generator_cpp/cmake)
[1.551s] -- Using all available rosidl_typesupport_c: rosidl_typesupport_fastrtps_c;rosidl_typesupport_introspection_c
[1.572s] -- Using all available rosidl_typesupport_cpp: rosidl_typesupport_fastrtps_cpp;rosidl_typesupport_introspection_cpp
[1.624s] -- Found rmw_implementation_cmake: 6.1.2 (/opt/ros/humble/share/rmw_implementation_cmake/cmake)
[1.628s] -- Found rmw_fastrtps_cpp: 6.2.9 (/opt/ros/humble/share/rmw_fastrtps_cpp/cmake)
[1.749s] -- Found OpenSSL: /usr/lib/x86_64-linux-gnu/libcrypto.so (found version "3.0.2")  
[1.783s] -- Found FastRTPS: /opt/ros/humble/include  
[1.833s] -- Using RMW implementation 'rmw_fastrtps_cpp' as default
[1.857s] -- Looking for pthread.h
[2.156s] -- Looking for pthread.h - found
[2.157s] -- Performing Test CMAKE_HAVE_LIBC_PTHREAD
[2.455s] -- Performing Test CMAKE_HAVE_LIBC_PTHREAD - Success
[2.456s] -- Found Threads: TRUE  
[2.516s] -- Found geometry_msgs: 4.9.0 (/opt/ros/humble/share/geometry_msgs/cmake)
[2.534s] -- Found tf2: 0.25.16 (/opt/ros/humble/share/tf2/cmake)
[2.551s] -- Found tf2_geometry_msgs: 0.25.16 (/opt/ros/humble/share/tf2_geometry_msgs/cmake)
[2.576s] -- Found eigen3_cmake_module: 0.1.1 (/opt/ros/humble/share/eigen3_cmake_module/cmake)
[2.578s] -- Found Eigen3: TRUE (found version "3.4.0") 
[2.578s] -- Ensuring Eigen3 include directory is part of orocos-kdl CMake target
[2.687s] -- Found ament_lint_auto: 0.12.14 (/opt/ros/humble/share/ament_lint_auto/cmake)
[2.818s] -- Added test 'cppcheck' to perform static code analysis on C / C++ code
[2.818s] -- Configured cppcheck include dirs: 
[2.818s] -- Configured cppcheck exclude dirs and/or files: 
[2.821s] -- Added test 'lint_cmake' to check CMake code style
[2.827s] -- Added test 'uncrustify' to check C / C++ code style
[2.827s] -- Configured uncrustify additional arguments: 
[2.828s] -- Added test 'xmllint' to check XML markup files
[2.846s] -- Configuring done
[2.860s] -- Generating done
[2.864s] -- Build files have been written to: /home/usuario/Documentos/GitHub/-IR2121-2025-2026-Robotica-mobil/Patrolling Task/goals/build/goals
[2.873s] Invoked command in '/home/usuario/Documentos/GitHub/-IR2121-2025-2026-Robotica-mobil/Patrolling Task/goals/build/goals' returned '0': CMAKE_PREFIX_PATH=/opt/ros/humble /usr/bin/cmake /home/usuario/Documentos/GitHub/-IR2121-2025-2026-Robotica-mobil/Patrolling Task/goals -DCMAKE_INSTALL_PREFIX=/home/usuario/Documentos/GitHub/-IR2121-2025-2026-Robotica-mobil/Patrolling Task/goals/install/goals
[2.874s] Invoking command in '/home/usuario/Documentos/GitHub/-IR2121-2025-2026-Robotica-mobil/Patrolling Task/goals/build/goals': CMAKE_PREFIX_PATH=/opt/ros/humble /usr/bin/cmake --build /home/usuario/Documentos/GitHub/-IR2121-2025-2026-Robotica-mobil/Patrolling Task/goals/build/goals -- -j6 -l6
[2.926s] [ 50%] [32mBuilding CXX object CMakeFiles/publisher.dir/src/publisher.cpp.o[0m
[5.062s] [01m[K/home/usuario/Documentos/GitHub/-IR2121-2025-2026-Robotica-mobil/Patrolling Task/goals/src/publisher.cpp:[m[K In function â€˜[01m[Kint main(int, char**)[m[Kâ€™:
[5.062s] [01m[K/home/usuario/Documentos/GitHub/-IR2121-2025-2026-Robotica-mobil/Patrolling Task/goals/src/publisher.cpp:23:49:[m[K [01;31m[Kerror: [m[Kâ€˜[01m[KOdometry[m[Kâ€™ was not declared in this scope
[5.062s]    23 |     auto subscriber = node->create_subscription<[01;31m[KOdometry[m[K>("/odom", 10, odom_callback);
[5.062s]       |                                                 [01;31m[K^~~~~~~~[m[K
[5.064s] [01m[K/home/usuario/Documentos/GitHub/-IR2121-2025-2026-Robotica-mobil/Patrolling Task/goals/src/publisher.cpp:23:72:[m[K [01;31m[Kerror: [m[Kâ€˜[01m[Kodom_callback[m[Kâ€™ was not declared in this scope
[5.064s]    23 | bscriber = node->create_subscription<Odometry>("/odom", 10, [01;31m[Kodom_callback[m[K);
[5.064s]       |                                                             [01;31m[K^~~~~~~~~~~~~[m[K
[5.064s] 
[5.066s] [01m[K/home/usuario/Documentos/GitHub/-IR2121-2025-2026-Robotica-mobil/Patrolling Task/goals/src/publisher.cpp:48:23:[m[K [01;31m[Kerror: [m[Kunable to find numeric literal operator â€˜[01m[Koperator""ms[m[Kâ€™
[5.066s]    48 |     rclcpp::sleep_for([01;31m[K500ms[m[K)
[5.066s]       |                       [01;31m[K^~~~~[m[K
[5.067s] [01m[K/home/usuario/Documentos/GitHub/-IR2121-2025-2026-Robotica-mobil/Patrolling Task/goals/src/publisher.cpp:53:26:[m[K [01;31m[Kerror: [m[Kunable to find numeric literal operator â€˜[01m[Koperator""s[m[Kâ€™
[5.067s]    53 |     const auto TIMEOUT = [01;31m[K5s[m[K; // Temps maxim sense canvi per considerarlo detingut
[5.067s]       |                          [01;31m[K^~[m[K
[5.068s] [01m[K/home/usuario/Documentos/GitHub/-IR2121-2025-2026-Robotica-mobil/Patrolling Task/goals/src/publisher.cpp:55:9:[m[K [01;31m[Kerror: [m[Kâ€˜[01m[Klast_odom_msg[m[Kâ€™ was not declared in this scope
[5.068s]    55 |     if ([01;31m[Klast_odom_msg[m[K != nullptr) {
[5.068s]       |         [01;31m[K^~~~~~~~~~~~~[m[K
[5.068s] [01m[K/home/usuario/Documentos/GitHub/-IR2121-2025-2026-Robotica-mobil/Patrolling Task/goals/src/publisher.cpp:56:9:[m[K [01;31m[Kerror: [m[Kâ€˜[01m[Kprev_x[m[Kâ€™ was not declared in this scope
[5.068s]    56 |         [01;31m[Kprev_x[m[K = last_odom_msg->pose.pose.position.x;
[5.069s]       |         [01;31m[K^~~~~~[m[K
[5.069s] [01m[K/home/usuario/Documentos/GitHub/-IR2121-2025-2026-Robotica-mobil/Patrolling Task/goals/src/publisher.cpp:57:9:[m[K [01;31m[Kerror: [m[Kâ€˜[01m[Kprev_y[m[Kâ€™ was not declared in this scope
[5.069s]    57 |         [01;31m[Kprev_y[m[K = last_odom_msg->pose.pose.position.y;
[5.069s]       |         [01;31m[K^~~~~~[m[K
[5.070s] [01m[K/home/usuario/Documentos/GitHub/-IR2121-2025-2026-Robotica-mobil/Patrolling Task/goals/src/publisher.cpp:58:9:[m[K [01;31m[Kerror: [m[Kâ€˜[01m[Klast_update_time[m[Kâ€™ was not declared in this scope
[5.070s]    58 |         [01;31m[Klast_update_time[m[K = node->now();
[5.070s]       |         [01;31m[K^~~~~~~~~~~~~~~~[m[K
[5.072s] [01m[K/home/usuario/Documentos/GitHub/-IR2121-2025-2026-Robotica-mobil/Patrolling Task/goals/src/publisher.cpp:65:13:[m[K [01;31m[Kerror: [m[Kâ€˜[01m[Klast_odom_msg[m[Kâ€™ was not declared in this scope
[5.072s]    65 |         if ([01;31m[Klast_odom_msg[m[K != nullptr) {
[5.072s]       |             [01;31m[K^~~~~~~~~~~~~[m[K
[5.073s] [01m[K/home/usuario/Documentos/GitHub/-IR2121-2025-2026-Robotica-mobil/Patrolling Task/goals/src/publisher.cpp:70:54:[m[K [01;31m[Kerror: [m[Kâ€˜[01m[Kprev_x[m[Kâ€™ was not declared in this scope
[5.073s]    70 |             double distance = std::hypot(current_x - [01;31m[Kprev_x[m[K, current_y - prev_y);
[5.073s]       |                                                      [01;31m[K^~~~~~[m[K
[5.073s] [01m[K/home/usuario/Documentos/GitHub/-IR2121-2025-2026-Robotica-mobil/Patrolling Task/goals/src/publisher.cpp:70:74:[m[K [01;31m[Kerror: [m[Kâ€˜[01m[Kprev_y[m[Kâ€™ was not declared in this scope
[5.074s]    70 |   double distance = std::hypot(current_x - prev_x, current_y - [01;31m[Kprev_y[m[K);
[5.074s]       |                                                                [01;31m[K^~~~~~[m[K
[5.074s] 
[5.075s] [01m[K/home/usuario/Documentos/GitHub/-IR2121-2025-2026-Robotica-mobil/Patrolling Task/goals/src/publisher.cpp:73:28:[m[K [01;31m[Kerror: [m[Kâ€˜[01m[KTOLERANCE_DISTANCE[m[Kâ€™ was not declared in this scope
[5.075s]    73 |             if (distance > [01;31m[KTOLERANCE_DISTANCE[m[K) {
[5.075s]       |                            [01;31m[K^~~~~~~~~~~~~~~~~~[m[K
[5.076s] [01m[K/home/usuario/Documentos/GitHub/-IR2121-2025-2026-Robotica-mobil/Patrolling Task/goals/src/publisher.cpp:77:17:[m[K [01;31m[Kerror: [m[Kâ€˜[01m[Klast_update_time[m[Kâ€™ was not declared in this scope
[5.076s]    77 |                 [01;31m[Klast_update_time[m[K = node->now(); // ActualitzaciÃ³ del temps de moviment
[5.076s]       |                 [01;31m[K^~~~~~~~~~~~~~~~[m[K
[5.078s] [01m[K/home/usuario/Documentos/GitHub/-IR2121-2025-2026-Robotica-mobil/Patrolling Task/goals/src/publisher.cpp:82:36:[m[K [01;31m[Kerror: [m[Kâ€˜[01m[Klast_update_time[m[Kâ€™ was not declared in this scope
[5.078s]    82 |                 if ((node->now() - [01;31m[Klast_update_time[m[K) > TIMEOUT) {
[5.078s]       |                                    [01;31m[K^~~~~~~~~~~~~~~~[m[K
[5.078s] [01m[K/home/usuario/Documentos/GitHub/-IR2121-2025-2026-Robotica-mobil/Patrolling Task/goals/src/publisher.cpp:91:27:[m[K [01;31m[Kerror: [m[Kunable to find numeric literal operator â€˜[01m[Koperator""ms[m[Kâ€™
[5.078s]    91 |         rclcpp::sleep_for([01;31m[K100ms[m[K); // Control de la freqÃ¼Ã¨ncia de bucle
[5.079s]       |                           [01;31m[K^~~~~[m[K
[5.079s] [01m[K/home/usuario/Documentos/GitHub/-IR2121-2025-2026-Robotica-mobil/Patrolling Task/goals/src/publisher.cpp:[m[K At global scope:
[5.079s] [01m[K/home/usuario/Documentos/GitHub/-IR2121-2025-2026-Robotica-mobil/Patrolling Task/goals/src/publisher.cpp:100:23:[m[K [01;31m[Kerror: [m[Kexpected constructor, destructor, or type conversion before â€˜[01m[K;[m[Kâ€™ token
[5.079s]   100 |     rclcpp::shutdown()[01;31m[K;[m[K
[5.079s]       |                       [01;31m[K^[m[K
[5.079s] [01m[K/home/usuario/Documentos/GitHub/-IR2121-2025-2026-Robotica-mobil/Patrolling Task/goals/src/publisher.cpp:101:5:[m[K [01;31m[Kerror: [m[Kexpected unqualified-id before â€˜[01m[Kreturn[m[Kâ€™
[5.079s]   101 |     [01;31m[Kreturn[m[K 0;
[5.079s]       |     [01;31m[K^~~~~~[m[K
[5.079s] [01m[K/home/usuario/Documentos/GitHub/-IR2121-2025-2026-Robotica-mobil/Patrolling Task/goals/src/publisher.cpp:102:1:[m[K [01;31m[Kerror: [m[Kexpected declaration before â€˜[01m[K}[m[Kâ€™ token
[5.079s]   102 | [01;31m[K}[m[K
[5.079s]       | [01;31m[K^[m[K
[5.712s] gmake[2]: *** [CMakeFiles/publisher.dir/build.make:76: CMakeFiles/publisher.dir/src/publisher.cpp.o] Error 1
[5.712s] gmake[1]: *** [CMakeFiles/Makefile2:137: CMakeFiles/publisher.dir/all] Error 2
[5.712s] gmake: *** [Makefile:146: all] Error 2
[5.715s] Invoked command in '/home/usuario/Documentos/GitHub/-IR2121-2025-2026-Robotica-mobil/Patrolling Task/goals/build/goals' returned '2': CMAKE_PREFIX_PATH=/opt/ros/humble /usr/bin/cmake --build /home/usuario/Documentos/GitHub/-IR2121-2025-2026-Robotica-mobil/Patrolling Task/goals/build/goals -- -j6 -l6
