[35m[1mConsolidate compiler generated dependencies of target version2_publisher[0m
[ 50%] [32mBuilding CXX object CMakeFiles/version2_publisher.dir/src/publisher.cpp.o[0m
[01m[K/home/usuario/Documentos/GitHub/-IR2121-2025-2026-Robotica-mobil/Patrolling Task/goals/src/publisher.cpp:[m[K In function â€˜[01m[Kint main(int, char**)[m[Kâ€™:
[01m[K/home/usuario/Documentos/GitHub/-IR2121-2025-2026-Robotica-mobil/Patrolling Task/goals/src/publisher.cpp:83:17:[m[K [01;31m[Kerror: [m[Kâ€˜[01m[Ksleep[m[Kâ€™ is not a member of â€˜[01m[Krclcpp[m[Kâ€™; did you mean â€˜[01m[Ksleep[m[Kâ€™?
   83 |         rclcpp::[01;31m[Ksleep[m[K();
      |                 [01;31m[K^~~~~[m[K
In file included from [01m[K/usr/include/x86_64-linux-gnu/bits/sigstksz.h:24[m[K,
                 from [01m[K/usr/include/signal.h:328[m[K,
                 from [01m[K/usr/include/c++/10/csignal:42[m[K,
                 from [01m[K/opt/ros/humble/include/rclcpp/rclcpp/rclcpp.hpp:152[m[K,
                 from [01m[K/home/usuario/Documentos/GitHub/-IR2121-2025-2026-Robotica-mobil/Patrolling Task/goals/src/publisher.cpp:1[m[K:
[01m[K/usr/include/unistd.h:464:21:[m[K [01;36m[Knote: [m[Kâ€˜[01m[Ksleep[m[Kâ€™ declared here
  464 | extern unsigned int [01;36m[Ksleep[m[K (unsigned int __seconds);
      |                     [01;36m[K^~~~~[m[K
[01m[K/home/usuario/Documentos/GitHub/-IR2121-2025-2026-Robotica-mobil/Patrolling Task/goals/src/publisher.cpp:85:19:[m[K [01;35m[Kwarning: [m[Ksuggest parentheses around assignment used as truth value [[01;35m[K]8;;https://gcc.gnu.org/onlinedocs/gcc/Warning-Options.html#index-Wparentheses-Wparentheses]8;;[m[K]
   85 |         if ([01;35m[Kmoving= false[m[K){
      |             [01;35m[K~~~~~~^~~~~~~[m[K
[01m[K/home/usuario/Documentos/GitHub/-IR2121-2025-2026-Robotica-mobil/Patrolling Task/goals/src/publisher.cpp:87:20:[m[K [01;31m[Kerror: [m[Kexpected â€˜[01m[K;[m[Kâ€™ before â€˜[01m[K}[m[Kâ€™ token
   87 |         moving=true
      |                    [01;31m[K^[m[K
      |                    [32m[K;[m[K
   88 |         [32m[K}[m[K
      |         [32m[K~[m[K           
gmake[2]: *** [CMakeFiles/version2_publisher.dir/build.make:76: CMakeFiles/version2_publisher.dir/src/publisher.cpp.o] Error 1
gmake[1]: *** [CMakeFiles/Makefile2:137: CMakeFiles/version2_publisher.dir/all] Error 2
gmake: *** [Makefile:146: all] Error 2
