[35m[1mConsolidate compiler generated dependencies of target publisher[0m
[ 50%] [32mBuilding CXX object CMakeFiles/publisher.dir/src/publisher.cpp.o[0m
[01m[K/home/usuario/Documentos/GitHub/-IR2121-2025-2026-Robotica-mobil/Teleoperation/Patrolling Task/goals/src/publisher.cpp:[m[K In function â€˜[01m[Kint main(int, char**)[m[Kâ€™:
[01m[K/home/usuario/Documentos/GitHub/-IR2121-2025-2026-Robotica-mobil/Teleoperation/Patrolling Task/goals/src/publisher.cpp:49:8:[m[K [01;35m[Kwarning: [m[Klabel â€˜[01m[Krclcpp[m[Kâ€™ defined but not used [[01;35m[K]8;;https://gcc.gnu.org/onlinedocs/gcc/Warning-Options.html#index-Wunused-label-Wunused-label]8;;[m[K]
   49 |        [01;35m[Krclcpp[m[K:spin_some(node);
      |        [01;35m[K^~~~~~[m[K
[100%] [32m[1mLinking CXX executable publisher[0m
gmake[2]: *** Se borra el archivo 'publisher'
gmake[2]: *** wait: No hay ningÃºn proceso hijo.  Alto.
gmake[2]: *** Se espera a que terminen otras tareas....
gmake[2]: *** wait: No hay ningÃºn proceso hijo.  Alto.
gmake[1]: *** [CMakeFiles/Makefile2:137: CMakeFiles/publisher.dir/all] Error 2
gmake: *** [Makefile:146: all] InterrupciÃ³n
