[0.013s] Invoking command in '/home/usuario/Documentos/GitHub/-IR2121-2025-2026-Robotica-mobil/Patrolling Task/goals/build/goals': CMAKE_PREFIX_PATH=${CMAKE_PREFIX_PATH}:/opt/ros/humble /usr/bin/cmake --build /home/usuario/Documentos/GitHub/-IR2121-2025-2026-Robotica-mobil/Patrolling Task/goals/build/goals -- -j6 -l6
[0.067s] [35m[1mConsolidate compiler generated dependencies of target version2_publisher[0m
[0.099s] [ 50%] [32mBuilding CXX object CMakeFiles/version2_publisher.dir/src/publisher.cpp.o[0m
[0.109s] [01m[K/home/usuario/Documentos/GitHub/-IR2121-2025-2026-Robotica-mobil/Patrolling Task/goals/src/publisher.cpp:[m[K In function â€˜[01m[Kint main(int, char**)[m[Kâ€™:
[0.109s] [01m[K/home/usuario/Documentos/GitHub/-IR2121-2025-2026-Robotica-mobil/Patrolling Task/goals/src/publisher.cpp:2:5:[m[K [01;31m[Kerror: [m[Kâ€˜[01m[Krclcpp[m[Kâ€™ has not been declared
[0.109s]     2 |     [01;31m[Krclcpp[m[K::init(argc, argv);
[0.109s]       |     [01;31m[K^~~~~~[m[K
[0.109s] [01m[K/home/usuario/Documentos/GitHub/-IR2121-2025-2026-Robotica-mobil/Patrolling Task/goals/src/publisher.cpp:5:5:[m[K [01;31m[Kerror: [m[Kâ€˜[01m[Krclcpp[m[Kâ€™ has not been declared
[0.109s]     5 |     [01;31m[Krclcpp[m[K::Publisher<PoseStamped>::SharedPtr publisher;
[0.109s]       |     [01;31m[K^~~~~~[m[K
[0.110s] [01m[K/home/usuario/Documentos/GitHub/-IR2121-2025-2026-Robotica-mobil/Patrolling Task/goals/src/publisher.cpp:5:23:[m[K [01;31m[Kerror: [m[Kâ€˜[01m[KPoseStamped[m[Kâ€™ was not declared in this scope
[0.110s]     5 |     rclcpp::Publisher<[01;31m[KPoseStamped[m[K>::SharedPtr publisher;
[0.110s]       |                       [01;31m[K^~~~~~~~~~~[m[K
[0.110s] [01m[K/home/usuario/Documentos/GitHub/-IR2121-2025-2026-Robotica-mobil/Patrolling Task/goals/src/publisher.cpp:5:37:[m[K [01;31m[Kerror: [m[Kâ€˜[01m[K::SharedPtr[m[Kâ€™ has not been declared
[0.110s]     5 |     rclcpp::Publisher<PoseStamped>::[01;31m[KSharedPtr[m[K publisher;
[0.110s]       |                                     [01;31m[K^~~~~~~~~[m[K
[0.110s] [01m[K/home/usuario/Documentos/GitHub/-IR2121-2025-2026-Robotica-mobil/Patrolling Task/goals/src/publisher.cpp:6:5:[m[K [01;31m[Kerror: [m[Kâ€˜[01m[Krclcpp[m[Kâ€™ has not been declared
[0.110s]     6 |     [01;31m[Krclcpp[m[K::Subscription<Odometry>::SharedPtr subscriber;
[0.110s]       |     [01;31m[K^~~~~~[m[K
[0.110s] [01m[K/home/usuario/Documentos/GitHub/-IR2121-2025-2026-Robotica-mobil/Patrolling Task/goals/src/publisher.cpp:6:26:[m[K [01;31m[Kerror: [m[Kâ€˜[01m[KOdometry[m[Kâ€™ was not declared in this scope
[0.110s]     6 |     rclcpp::Subscription<[01;31m[KOdometry[m[K>::SharedPtr subscriber;
[0.110s]       |                          [01;31m[K^~~~~~~~[m[K
[0.110s] [01m[K/home/usuario/Documentos/GitHub/-IR2121-2025-2026-Robotica-mobil/Patrolling Task/goals/src/publisher.cpp:6:37:[m[K [01;31m[Kerror: [m[Kâ€˜[01m[K::SharedPtr[m[Kâ€™ has not been declared
[0.110s]     6 |     rclcpp::Subscription<Odometry>::[01;31m[KSharedPtr[m[K subscriber;
[0.110s]       |                                     [01;31m[K^~~~~~~~~[m[K
[0.111s] [01m[K/home/usuario/Documentos/GitHub/-IR2121-2025-2026-Robotica-mobil/Patrolling Task/goals/src/publisher.cpp:8:5:[m[K [01;31m[Kerror: [m[Kâ€˜[01m[Knode[m[Kâ€™ was not declared in this scope
[0.111s]     8 |     [01;31m[Knode[m[K = std::make_shared<rclcpp::Node>("version2_goal_publisher");
[0.111s]       |     [01;31m[K^~~~[m[K
[0.111s] [01m[K/home/usuario/Documentos/GitHub/-IR2121-2025-2026-Robotica-mobil/Patrolling Task/goals/src/publisher.cpp:8:17:[m[K [01;31m[Kerror: [m[Kâ€˜[01m[Kmake_shared[m[Kâ€™ is not a member of â€˜[01m[Kstd[m[Kâ€™
[0.111s]     8 |     node = std::[01;31m[Kmake_shared[m[K<rclcpp::Node>("version2_goal_publisher");
[0.111s]       |                 [01;31m[K^~~~~~~~~~~[m[K
[0.111s] [01m[K/home/usuario/Documentos/GitHub/-IR2121-2025-2026-Robotica-mobil/Patrolling Task/goals/src/publisher.cpp:1:1:[m[K [01;36m[Knote: [m[Kâ€˜[01m[Kstd::make_shared[m[Kâ€™ is defined in header â€˜[01m[K<memory>[m[Kâ€™; did you forget to â€˜[01m[K#include <memory>[m[Kâ€™?
[0.111s]   +++ |+[32m[K#include <memory>[m[K
[0.111s]     1 | int main(int argc, char * argv[]) {
[0.111s] [01m[K/home/usuario/Documentos/GitHub/-IR2121-2025-2026-Robotica-mobil/Patrolling Task/goals/src/publisher.cpp:8:29:[m[K [01;31m[Kerror: [m[Kâ€˜[01m[Krclcpp[m[Kâ€™ has not been declared
[0.111s]     8 |     node = std::make_shared<[01;31m[Krclcpp[m[K::Node>("version2_goal_publisher");
[0.111s]       |                             [01;31m[K^~~~~~[m[K
[0.111s] [01m[K/home/usuario/Documentos/GitHub/-IR2121-2025-2026-Robotica-mobil/Patrolling Task/goals/src/publisher.cpp:10:5:[m[K [01;31m[Kerror: [m[Kâ€˜[01m[Kpublisher[m[Kâ€™ was not declared in this scope
[0.111s]    10 |     [01;31m[Kpublisher[m[K = node->create_publisher<PoseStamped>("/goal_pose", 1);
[0.111s]       |     [01;31m[K^~~~~~~~~[m[K
[0.111s] [01m[K/home/usuario/Documentos/GitHub/-IR2121-2025-2026-Robotica-mobil/Patrolling Task/goals/src/publisher.cpp:10:53:[m[K [01;35m[Kwarning: [m[Kleft operand of comma operator has no effect [[01;35m[K]8;;https://gcc.gnu.org/onlinedocs/gcc/Warning-Options.html#index-Wunused-value-Wunused-value]8;;[m[K]
[0.111s]    10 |     publisher = node->create_publisher<PoseStamped>([01;35m[K"/goal_pose"[m[K, 1);
[0.112s]       |                                                     [01;35m[K^~~~~~~~~~~~[m[K
[0.112s] [01m[K/home/usuario/Documentos/GitHub/-IR2121-2025-2026-Robotica-mobil/Patrolling Task/goals/src/publisher.cpp:12:5:[m[K [01;31m[Kerror: [m[Kâ€˜[01m[Ksubscriber[m[Kâ€™ was not declared in this scope
[0.112s]    12 |     [01;31m[Ksubscriber[m[K = node->create_subscription<Odometry>(
[0.112s]       |     [01;31m[K^~~~~~~~~~[m[K
[0.112s] [01m[K/home/usuario/Documentos/GitHub/-IR2121-2025-2026-Robotica-mobil/Patrolling Task/goals/src/publisher.cpp:13:9:[m[K [01;35m[Kwarning: [m[Kleft operand of comma operator has no effect [[01;35m[K]8;;https://gcc.gnu.org/onlinedocs/gcc/Warning-Options.html#index-Wunused-value-Wunused-value]8;;[m[K]
[0.112s]    13 |         [01;35m[K"/odom"[m[K, 10, odom_callback);
[0.112s]       |         [01;35m[K^~~~~~~[m[K
[0.112s] [01m[K/home/usuario/Documentos/GitHub/-IR2121-2025-2026-Robotica-mobil/Patrolling Task/goals/src/publisher.cpp:13:22:[m[K [01;31m[Kerror: [m[Kâ€˜[01m[Kodom_callback[m[Kâ€™ was not declared in this scope
[0.112s]    13 |         "/odom", 10, [01;31m[Kodom_callback[m[K);
[0.112s]       |                      [01;31m[K^~~~~~~~~~~~~[m[K
[0.112s] [01m[K/home/usuario/Documentos/GitHub/-IR2121-2025-2026-Robotica-mobil/Patrolling Task/goals/src/publisher.cpp:19:35:[m[K [01;31m[Kerror: [m[Kunable to find numeric literal operator â€˜[01m[Koperator""s[m[Kâ€™
[0.112s]    19 |     const auto STOPPING_TIMEOUT = [01;31m[K7s[m[K;
[0.112s]       |                                   [01;31m[K^~[m[K
[0.112s] [01m[K/home/usuario/Documentos/GitHub/-IR2121-2025-2026-Robotica-mobil/Patrolling Task/goals/src/publisher.cpp:24:5:[m[K [01;31m[Kerror: [m[Kâ€˜[01m[Krclcpp[m[Kâ€™ has not been declared
[0.112s]    24 |     [01;31m[Krclcpp[m[K::Rate loop_rate(loop_frequency);
[0.112s]       |     [01;31m[K^~~~~~[m[K
[0.112s] [01m[K/home/usuario/Documentos/GitHub/-IR2121-2025-2026-Robotica-mobil/Patrolling Task/goals/src/publisher.cpp:32:33:[m[K [01;31m[Kerror: [m[Kâ€˜[01m[Keuler_to_quaternion[m[Kâ€™ was not declared in this scope
[0.112s]    32 |     goal_msg.pose.orientation = [01;31m[Keuler_to_quaternion[m[K(TARGET_YAW);
[0.113s]       |                                 [01;31m[K^~~~~~~~~~~~~~~~~~~[m[K
[0.113s] [01m[K/home/usuario/Documentos/GitHub/-IR2121-2025-2026-Robotica-mobil/Patrolling Task/goals/src/publisher.cpp:34:5:[m[K [01;31m[Kerror: [m[Kâ€˜[01m[KRCLCPP_INFO[m[Kâ€™ was not declared in this scope
[0.113s]    34 |     [01;31m[KRCLCPP_INFO[m[K(node->get_logger(), "Publicando objetivo a: (X: %.2f, Y: %.2f)", TARGET_X, TARGET_Y);
[0.113s]       |     [01;31m[K^~~~~~~~~~~[m[K
[0.113s] [01m[K/home/usuario/Documentos/GitHub/-IR2121-2025-2026-Robotica-mobil/Patrolling Task/goals/src/publisher.cpp:40:11:[m[K [01;31m[Kerror: [m[Kâ€˜[01m[Krclcpp[m[Kâ€™ has not been declared
[0.113s]    40 |     while([01;31m[Krclcpp[m[K::ok()) {
[0.113s]       |           [01;31m[K^~~~~~[m[K
[0.113s] [01m[K/home/usuario/Documentos/GitHub/-IR2121-2025-2026-Robotica-mobil/Patrolling Task/goals/src/publisher.cpp:42:9:[m[K [01;31m[Kerror: [m[Kâ€˜[01m[Krclcpp[m[Kâ€™ has not been declared
[0.113s]    42 |         [01;31m[Krclcpp[m[K::spin_some(node);
[0.113s]       |         [01;31m[K^~~~~~[m[K
[0.113s] [01m[K/home/usuario/Documentos/GitHub/-IR2121-2025-2026-Robotica-mobil/Patrolling Task/goals/src/publisher.cpp:53:31:[m[K [01;31m[Kerror: [m[Kâ€˜[01m[Kfirst_odom_received[m[Kâ€™ was not declared in this scope
[0.113s]    53 |         if (moving == true && [01;31m[Kfirst_odom_received[m[K && (node->now() - last_change_time) > STOPPING_TIMEOUT) {
[0.113s]       |                               [01;31m[K^~~~~~~~~~~~~~~~~~~[m[K
[0.113s] [01m[K/home/usuario/Documentos/GitHub/-IR2121-2025-2026-Robotica-mobil/Patrolling Task/goals/src/publisher.cpp:53:69:[m[K [01;31m[Kerror: [m[Kâ€˜[01m[Klast_change_time[m[Kâ€™ was not declared in this scope
[0.113s]    53 |         if (moving == true && first_odom_received && (node->now() - [01;31m[Klast_change_time[m[K) > STOPPING_TIMEOUT) {
[0.113s]       |                                                                     [01;31m[K^~~~~~~~~~~~~~~~[m[K
[0.113s] [01m[K/home/usuario/Documentos/GitHub/-IR2121-2025-2026-Robotica-mobil/Patrolling Task/goals/src/publisher.cpp:64:9:[m[K [01;31m[Kerror: [m[Kâ€˜[01m[Kloop_rate[m[Kâ€™ was not declared in this scope
[0.113s]    64 |         [01;31m[Kloop_rate[m[K.sleep();
[0.114s]       |         [01;31m[K^~~~~~~~~[m[K
[0.114s] [01m[K/home/usuario/Documentos/GitHub/-IR2121-2025-2026-Robotica-mobil/Patrolling Task/goals/src/publisher.cpp:74:5:[m[K [01;31m[Kerror: [m[Kâ€˜[01m[Krclcpp[m[Kâ€™ has not been declared
[0.114s]    74 |     [01;31m[Krclcpp[m[K::shutdown();
[0.114s]       |     [01;31m[K^~~~~~[m[K
[0.114s] [01m[K/home/usuario/Documentos/GitHub/-IR2121-2025-2026-Robotica-mobil/Patrolling Task/goals/src/publisher.cpp:23:12:[m[K [01;35m[Kwarning: [m[Kunused variable â€˜[01m[Kloop_frequency[m[Kâ€™ [[01;35m[K]8;;https://gcc.gnu.org/onlinedocs/gcc/Warning-Options.html#index-Wunused-variable-Wunused-variable]8;;[m[K]
[0.114s]    23 |     double [01;35m[Kloop_frequency[m[K = 10.0;
[0.114s]       |            [01;35m[K^~~~~~~~~~~~~~[m[K
[0.114s] gmake[2]: *** [CMakeFiles/version2_publisher.dir/build.make:76: CMakeFiles/version2_publisher.dir/src/publisher.cpp.o] Error 1
[0.114s] gmake[1]: *** [CMakeFiles/Makefile2:137: CMakeFiles/version2_publisher.dir/all] Error 2
[0.114s] gmake: *** [Makefile:146: all] Error 2
[0.115s] Invoked command in '/home/usuario/Documentos/GitHub/-IR2121-2025-2026-Robotica-mobil/Patrolling Task/goals/build/goals' returned '2': CMAKE_PREFIX_PATH=${CMAKE_PREFIX_PATH}:/opt/ros/humble /usr/bin/cmake --build /home/usuario/Documentos/GitHub/-IR2121-2025-2026-Robotica-mobil/Patrolling Task/goals/build/goals -- -j6 -l6
